<?xml version="1.0" encoding="UTF-8"?>
<testng-results skipped="0" failed="0" ignored="0" total="2" passed="2">
  <reporter-output>
  </reporter-output>
  <suite name="Suite" duration-ms="36" started-at="2020-04-24T15:36:05Z" finished-at="2020-04-24T15:36:05Z">
    <groups>
    </groups>
    <test name="Test" duration-ms="36" started-at="2020-04-24T15:36:05Z" finished-at="2020-04-24T15:36:05Z">
      <class name="tt.tt.SecondClass">
        <test-method status="PASS" signature="f()[pri:0, instance:tt.tt.SecondClass@5315b42e]" name="f" duration-ms="6" started-at="2020-04-24T15:36:05Z" finished-at="2020-04-24T15:36:05Z">
          <reporter-output>
          </reporter-output>
        </test-method> <!-- f -->
      </class> <!-- tt.tt.SecondClass -->
      <class name="tt.tt.NewTest">
        <test-method status="PASS" signature="f()[pri:0, instance:tt.tt.NewTest@2ef9b8bc]" name="f" duration-ms="0" started-at="2020-04-24T15:36:05Z" finished-at="2020-04-24T15:36:05Z">
          <reporter-output>
          </reporter-output>
        </test-method> <!-- f -->
      </class> <!-- tt.tt.NewTest -->
    </test> <!-- Test -->
  </suite> <!-- Suite -->
</testng-results>
